This is pdfTeX, Version 3.1415926-2.5-1.40.14 (TeX Live 2013/Debian) (format=pdflatex 2015.8.27)  23 JUN 2017 10:06
entering extended mode
 restricted \write18 enabled.
 %&-line parsing enabled.
**TESI.tex
(./TESI.tex
LaTeX2e <2011/06/27>
Babel <3.9h> and hyphenation patterns for 5 languages loaded.
(/usr/share/texlive/texmf-dist/tex/latex/amscls/amsart.cls
Document Class: amsart 2009/07/02 v2.20.1
\linespacing=\dimen102
\normalparindent=\dimen103
\normaltopskip=\skip41
(/usr/share/texlive/texmf-dist/tex/latex/amsmath/amsmath.sty
Package: amsmath 2013/01/14 v2.14 AMS math features
\@mathmargin=\skip42

For additional information on amsmath, use the `?' option.
(/usr/share/texlive/texmf-dist/tex/latex/amsmath/amstext.sty
Package: amstext 2000/06/29 v2.01

(/usr/share/texlive/texmf-dist/tex/latex/amsmath/amsgen.sty
File: amsgen.sty 1999/11/30 v2.0
\@emptytoks=\toks14
\ex@=\dimen104
))
(/usr/share/texlive/texmf-dist/tex/latex/amsmath/amsbsy.sty
Package: amsbsy 1999/11/29 v1.2d
\pmbraise@=\dimen105
)
(/usr/share/texlive/texmf-dist/tex/latex/amsmath/amsopn.sty
Package: amsopn 1999/12/14 v2.01 operator names
)
\inf@bad=\count79
LaTeX Info: Redefining \frac on input line 210.
\uproot@=\count80
\leftroot@=\count81
LaTeX Info: Redefining \overline on input line 306.
\classnum@=\count82
\DOTSCASE@=\count83
LaTeX Info: Redefining \ldots on input line 378.
LaTeX Info: Redefining \dots on input line 381.
LaTeX Info: Redefining \cdots on input line 466.
\Mathstrutbox@=\box26
\strutbox@=\box27
\big@size=\dimen106
LaTeX Font Info:    Redeclaring font encoding OML on input line 566.
LaTeX Font Info:    Redeclaring font encoding OMS on input line 567.
\macc@depth=\count84
\c@MaxMatrixCols=\count85
\dotsspace@=\muskip10
\c@parentequation=\count86
\dspbrk@lvl=\count87
\tag@help=\toks15
\row@=\count88
\column@=\count89
\maxfields@=\count90
\andhelp@=\toks16
\eqnshift@=\dimen107
\alignsep@=\dimen108
\tagshift@=\dimen109
\tagwidth@=\dimen110
\totwidth@=\dimen111
\lineht@=\dimen112
\@envbody=\toks17
\multlinegap=\skip43
\multlinetaggap=\skip44
\mathdisplay@stack=\toks18
LaTeX Info: Redefining \[ on input line 2665.
LaTeX Info: Redefining \] on input line 2666.
)
LaTeX Font Info:    Try loading font information for U+msa on input line 388.

(/usr/share/texlive/texmf-dist/tex/latex/amsfonts/umsa.fd
File: umsa.fd 2013/01/14 v3.01 AMS symbols A
)
(/usr/share/texlive/texmf-dist/tex/latex/amsfonts/amsfonts.sty
Package: amsfonts 2013/01/14 v3.01 Basic AMSFonts support
\symAMSa=\mathgroup4
\symAMSb=\mathgroup5
LaTeX Font Info:    Overwriting math alphabet `\mathfrak' in version `bold'
(Font)                  U/euf/m/n --> U/euf/b/n on input line 106.
)
\copyins=\insert233
\abstractbox=\box28
\listisep=\skip45
\c@part=\count91
\c@section=\count92
\c@subsection=\count93
\c@subsubsection=\count94
\c@paragraph=\count95
\c@subparagraph=\count96
\c@figure=\count97
\c@table=\count98
\abovecaptionskip=\skip46
\belowcaptionskip=\skip47
\captionindent=\dimen113
\thm@style=\toks19
\thm@bodyfont=\toks20
\thm@headfont=\toks21
\thm@notefont=\toks22
\thm@headpunct=\toks23
\thm@preskip=\skip48
\thm@postskip=\skip49
\thm@headsep=\skip50
\dth@everypar=\toks24
)
(/usr/share/texlive/texmf-dist/tex/latex/amsfonts/amssymb.sty
Package: amssymb 2013/01/14 v3.01 AMS font symbols
)
(/usr/share/texmf/tex/latex/xcolor/xcolor.sty
Package: xcolor 2007/01/21 v2.11 LaTeX color extensions (UK)

(/etc/texmf/tex/latex/config/color.cfg
File: color.cfg 2007/01/18 v1.5 color configuration of teTeX/TeXLive
)
Package xcolor Info: Driver file: pdftex.def on input line 225.

(/usr/share/texlive/texmf-dist/tex/latex/pdftex-def/pdftex.def
File: pdftex.def 2011/05/27 v0.06d Graphics/color for pdfTeX

(/usr/share/texlive/texmf-dist/tex/generic/oberdiek/infwarerr.sty
Package: infwarerr 2010/04/08 v1.3 Providing info/warning/error messages (HO)
)
(/usr/share/texlive/texmf-dist/tex/generic/oberdiek/ltxcmds.sty
Package: ltxcmds 2011/11/09 v1.22 LaTeX kernel commands for general use (HO)
)
\Gread@gobject=\count99
)
Package xcolor Info: Model `cmy' substituted by `cmy0' on input line 1337.
Package xcolor Info: Model `hsb' substituted by `rgb' on input line 1341.
Package xcolor Info: Model `RGB' extended on input line 1353.
Package xcolor Info: Model `HTML' substituted by `rgb' on input line 1355.
Package xcolor Info: Model `Hsb' substituted by `hsb' on input line 1356.
Package xcolor Info: Model `tHsb' substituted by `hsb' on input line 1357.
Package xcolor Info: Model `HSB' substituted by `hsb' on input line 1358.
Package xcolor Info: Model `Gray' substituted by `gray' on input line 1359.
Package xcolor Info: Model `wave' substituted by `hsb' on input line 1360.

(/usr/share/texlive/texmf-dist/tex/latex/graphics/dvipsnam.def
File: dvipsnam.def 1999/02/16 v3.0i Driver-dependant file (DPC,SPQR)
))
(/usr/share/texlive/texmf-dist/tex/latex/tools/enumerate.sty
Package: enumerate 1999/03/05 v3.00 enumerate extensions (DPC)
\@enLab=\toks25
)
(/usr/share/texlive/texmf-dist/tex/latex/enumitem/enumitem.sty
Package: enumitem 2011/09/28 v3.5.2 Customized lists
\enitkv@toks@=\toks26
\labelindent=\skip51
\enit@outerparindent=\dimen114
\enit@toks=\toks27
\enit@inbox=\box29
\enitdp@description=\count100
)
(/usr/share/texlive/texmf-dist/tex/latex/tikz-cd/tikz-cd.sty
Package: tikz-cd 2012/12/30 v0.3c Commutative diagrams with tikz.

(/usr/share/texmf/tex/latex/pgf/frontendlayer/tikz.sty
(/usr/share/texmf/tex/latex/pgf/basiclayer/pgf.sty
(/usr/share/texmf/tex/latex/pgf/utilities/pgfrcs.sty
(/usr/share/texmf/tex/generic/pgf/utilities/pgfutil-common.tex
\pgfutil@everybye=\toks28
)
(/usr/share/texmf/tex/generic/pgf/utilities/pgfutil-latex.def
\pgfutil@abb=\box30

(/usr/share/texlive/texmf-dist/tex/latex/ms/everyshi.sty
Package: everyshi 2001/05/15 v3.00 EveryShipout Package (MS)
))
(/usr/share/texmf/tex/generic/pgf/utilities/pgfrcs.code.tex
Package: pgfrcs 2010/10/25 v2.10 (rcs-revision 1.24)
))
Package: pgf 2008/01/15 v2.10 (rcs-revision 1.12)

(/usr/share/texmf/tex/latex/pgf/basiclayer/pgfcore.sty
(/usr/share/texlive/texmf-dist/tex/latex/graphics/graphicx.sty
Package: graphicx 1999/02/16 v1.0f Enhanced LaTeX Graphics (DPC,SPQR)

(/usr/share/texlive/texmf-dist/tex/latex/graphics/keyval.sty
Package: keyval 1999/03/16 v1.13 key=value parser (DPC)
\KV@toks@=\toks29
)
(/usr/share/texlive/texmf-dist/tex/latex/graphics/graphics.sty
Package: graphics 2009/02/05 v1.0o Standard LaTeX Graphics (DPC,SPQR)

(/usr/share/texlive/texmf-dist/tex/latex/graphics/trig.sty
Package: trig 1999/03/16 v1.09 sin cos tan (DPC)
)
(/etc/texmf/tex/latex/config/graphics.cfg
File: graphics.cfg 2009/08/28 v1.8 graphics configuration of TeX Live
)
Package graphics Info: Driver file: pdftex.def on input line 91.
)
\Gin@req@height=\dimen115
\Gin@req@width=\dimen116
)
(/usr/share/texmf/tex/latex/pgf/systemlayer/pgfsys.sty
(/usr/share/texmf/tex/generic/pgf/systemlayer/pgfsys.code.tex
Package: pgfsys 2010/06/30 v2.10 (rcs-revision 1.37)

(/usr/share/texmf/tex/generic/pgf/utilities/pgfkeys.code.tex
\pgfkeys@pathtoks=\toks30
\pgfkeys@temptoks=\toks31

(/usr/share/texmf/tex/generic/pgf/utilities/pgfkeysfiltered.code.tex
\pgfkeys@tmptoks=\toks32
))
\pgf@x=\dimen117
\pgf@y=\dimen118
\pgf@xa=\dimen119
\pgf@ya=\dimen120
\pgf@xb=\dimen121
\pgf@yb=\dimen122
\pgf@xc=\dimen123
\pgf@yc=\dimen124
\w@pgf@writea=\write3
\r@pgf@reada=\read1
\c@pgf@counta=\count101
\c@pgf@countb=\count102
\c@pgf@countc=\count103
\c@pgf@countd=\count104

(/usr/share/texmf/tex/generic/pgf/systemlayer/pgf.cfg
File: pgf.cfg 2008/05/14  (rcs-revision 1.7)
)
Package pgfsys Info: Driver file for pgf: pgfsys-pdftex.def on input line 900.

(/usr/share/texmf/tex/generic/pgf/systemlayer/pgfsys-pdftex.def
File: pgfsys-pdftex.def 2009/05/22  (rcs-revision 1.26)

(/usr/share/texmf/tex/generic/pgf/systemlayer/pgfsys-common-pdf.def
File: pgfsys-common-pdf.def 2008/05/19  (rcs-revision 1.10)
)))
(/usr/share/texmf/tex/generic/pgf/systemlayer/pgfsyssoftpath.code.tex
File: pgfsyssoftpath.code.tex 2008/07/18  (rcs-revision 1.7)
\pgfsyssoftpath@smallbuffer@items=\count105
\pgfsyssoftpath@bigbuffer@items=\count106
)
(/usr/share/texmf/tex/generic/pgf/systemlayer/pgfsysprotocol.code.tex
File: pgfsysprotocol.code.tex 2006/10/16  (rcs-revision 1.4)
))
(/usr/share/texmf/tex/generic/pgf/basiclayer/pgfcore.code.tex
Package: pgfcore 2010/04/11 v2.10 (rcs-revision 1.7)

(/usr/share/texmf/tex/generic/pgf/math/pgfmath.code.tex
(/usr/share/texmf/tex/generic/pgf/math/pgfmathcalc.code.tex
(/usr/share/texmf/tex/generic/pgf/math/pgfmathutil.code.tex)
(/usr/share/texmf/tex/generic/pgf/math/pgfmathparser.code.tex
\pgfmath@dimen=\dimen125
\pgfmath@count=\count107
\pgfmath@box=\box31
\pgfmath@toks=\toks33
\pgfmath@stack@operand=\toks34
\pgfmath@stack@operation=\toks35
)
(/usr/share/texmf/tex/generic/pgf/math/pgfmathfunctions.code.tex
(/usr/share/texmf/tex/generic/pgf/math/pgfmathfunctions.basic.code.tex)
(/usr/share/texmf/tex/generic/pgf/math/pgfmathfunctions.trigonometric.code.tex)
(/usr/share/texmf/tex/generic/pgf/math/pgfmathfunctions.random.code.tex)
(/usr/share/texmf/tex/generic/pgf/math/pgfmathfunctions.comparison.code.tex)
(/usr/share/texmf/tex/generic/pgf/math/pgfmathfunctions.base.code.tex)
(/usr/share/texmf/tex/generic/pgf/math/pgfmathfunctions.round.code.tex)
(/usr/share/texmf/tex/generic/pgf/math/pgfmathfunctions.misc.code.tex)))
(/usr/share/texmf/tex/generic/pgf/math/pgfmathfloat.code.tex
\c@pgfmathroundto@lastzeros=\count108
))
(/usr/share/texmf/tex/generic/pgf/basiclayer/pgfcorepoints.code.tex
File: pgfcorepoints.code.tex 2010/04/09  (rcs-revision 1.20)
\pgf@picminx=\dimen126
\pgf@picmaxx=\dimen127
\pgf@picminy=\dimen128
\pgf@picmaxy=\dimen129
\pgf@pathminx=\dimen130
\pgf@pathmaxx=\dimen131
\pgf@pathminy=\dimen132
\pgf@pathmaxy=\dimen133
\pgf@xx=\dimen134
\pgf@xy=\dimen135
\pgf@yx=\dimen136
\pgf@yy=\dimen137
\pgf@zx=\dimen138
\pgf@zy=\dimen139
)
(/usr/share/texmf/tex/generic/pgf/basiclayer/pgfcorepathconstruct.code.tex
File: pgfcorepathconstruct.code.tex 2010/08/03  (rcs-revision 1.24)
\pgf@path@lastx=\dimen140
\pgf@path@lasty=\dimen141
)
(/usr/share/texmf/tex/generic/pgf/basiclayer/pgfcorepathusage.code.tex
File: pgfcorepathusage.code.tex 2008/04/22  (rcs-revision 1.12)
\pgf@shorten@end@additional=\dimen142
\pgf@shorten@start@additional=\dimen143
)
(/usr/share/texmf/tex/generic/pgf/basiclayer/pgfcorescopes.code.tex
File: pgfcorescopes.code.tex 2010/09/08  (rcs-revision 1.34)
\pgfpic=\box32
\pgf@hbox=\box33
\pgf@layerbox@main=\box34
\pgf@picture@serial@count=\count109
)
(/usr/share/texmf/tex/generic/pgf/basiclayer/pgfcoregraphicstate.code.tex
File: pgfcoregraphicstate.code.tex 2008/04/22  (rcs-revision 1.9)
\pgflinewidth=\dimen144
)
(/usr/share/texmf/tex/generic/pgf/basiclayer/pgfcoretransformations.code.tex
File: pgfcoretransformations.code.tex 2009/06/10  (rcs-revision 1.11)
\pgf@pt@x=\dimen145
\pgf@pt@y=\dimen146
\pgf@pt@temp=\dimen147
)
(/usr/share/texmf/tex/generic/pgf/basiclayer/pgfcorequick.code.tex
File: pgfcorequick.code.tex 2008/10/09  (rcs-revision 1.3)
)
(/usr/share/texmf/tex/generic/pgf/basiclayer/pgfcoreobjects.code.tex
File: pgfcoreobjects.code.tex 2006/10/11  (rcs-revision 1.2)
)
(/usr/share/texmf/tex/generic/pgf/basiclayer/pgfcorepathprocessing.code.tex
File: pgfcorepathprocessing.code.tex 2008/10/09  (rcs-revision 1.8)
)
(/usr/share/texmf/tex/generic/pgf/basiclayer/pgfcorearrows.code.tex
File: pgfcorearrows.code.tex 2008/04/23  (rcs-revision 1.11)
)
(/usr/share/texmf/tex/generic/pgf/basiclayer/pgfcoreshade.code.tex
File: pgfcoreshade.code.tex 2008/11/23  (rcs-revision 1.13)
\pgf@max=\dimen148
\pgf@sys@shading@range@num=\count110
)
(/usr/share/texmf/tex/generic/pgf/basiclayer/pgfcoreimage.code.tex
File: pgfcoreimage.code.tex 2010/03/25  (rcs-revision 1.16)

(/usr/share/texmf/tex/generic/pgf/basiclayer/pgfcoreexternal.code.tex
File: pgfcoreexternal.code.tex 2010/09/01  (rcs-revision 1.17)
\pgfexternal@startupbox=\box35
))
(/usr/share/texmf/tex/generic/pgf/basiclayer/pgfcorelayers.code.tex
File: pgfcorelayers.code.tex 2010/08/27  (rcs-revision 1.2)
)
(/usr/share/texmf/tex/generic/pgf/basiclayer/pgfcoretransparency.code.tex
File: pgfcoretransparency.code.tex 2008/01/17  (rcs-revision 1.2)
)
(/usr/share/texmf/tex/generic/pgf/basiclayer/pgfcorepatterns.code.tex
File: pgfcorepatterns.code.tex 2009/07/02  (rcs-revision 1.3)
)))
(/usr/share/texmf/tex/generic/pgf/modules/pgfmoduleshapes.code.tex
File: pgfmoduleshapes.code.tex 2010/09/09  (rcs-revision 1.13)
\pgfnodeparttextbox=\box36
)
(/usr/share/texmf/tex/generic/pgf/modules/pgfmoduleplot.code.tex
File: pgfmoduleplot.code.tex 2010/10/22  (rcs-revision 1.8)
)
(/usr/share/texmf/tex/latex/pgf/compatibility/pgfcomp-version-0-65.sty
Package: pgfcomp-version-0-65 2007/07/03 v2.10 (rcs-revision 1.7)
\pgf@nodesepstart=\dimen149
\pgf@nodesepend=\dimen150
)
(/usr/share/texmf/tex/latex/pgf/compatibility/pgfcomp-version-1-18.sty
Package: pgfcomp-version-1-18 2007/07/23 v2.10 (rcs-revision 1.1)
))
(/usr/share/texmf/tex/latex/pgf/utilities/pgffor.sty
(/usr/share/texmf/tex/latex/pgf/utilities/pgfkeys.sty
(/usr/share/texmf/tex/generic/pgf/utilities/pgfkeys.code.tex))
(/usr/share/texmf/tex/generic/pgf/utilities/pgffor.code.tex
Package: pgffor 2010/03/23 v2.10 (rcs-revision 1.18)
\pgffor@iter=\dimen151
\pgffor@skip=\dimen152
\pgffor@stack=\toks36
\pgffor@toks=\toks37
))
(/usr/share/texmf/tex/generic/pgf/frontendlayer/tikz/tikz.code.tex
Package: tikz 2010/10/13 v2.10 (rcs-revision 1.76)

(/usr/share/texmf/tex/generic/pgf/libraries/pgflibraryplothandlers.code.tex
File: pgflibraryplothandlers.code.tex 2010/05/31 v2.10 (rcs-revision 1.15)
\pgf@plot@mark@count=\count111
\pgfplotmarksize=\dimen153
)
\tikz@lastx=\dimen154
\tikz@lasty=\dimen155
\tikz@lastxsaved=\dimen156
\tikz@lastysaved=\dimen157
\tikzleveldistance=\dimen158
\tikzsiblingdistance=\dimen159
\tikz@figbox=\box37
\tikz@tempbox=\box38
\tikztreelevel=\count112
\tikznumberofchildren=\count113
\tikznumberofcurrentchild=\count114
\tikz@fig@count=\count115

(/usr/share/texmf/tex/generic/pgf/modules/pgfmodulematrix.code.tex
File: pgfmodulematrix.code.tex 2010/08/24  (rcs-revision 1.4)
\pgfmatrixcurrentrow=\count116
\pgfmatrixcurrentcolumn=\count117
\pgf@matrix@numberofcolumns=\count118
)
\tikz@expandcount=\count119

(/usr/share/texmf/tex/generic/pgf/frontendlayer/tikz/libraries/tikzlibrarytopat
hs.code.tex
File: tikzlibrarytopaths.code.tex 2008/06/17 v2.10 (rcs-revision 1.2)
)))
(/usr/share/texmf/tex/generic/pgf/frontendlayer/tikz/libraries/tikzlibrarymatri
x.code.tex
File: tikzlibrarymatrix.code.tex 2008/06/18 v2.10 (rcs-revision 1.2)
)) (/usr/share/texlive/texmf-dist/tex/latex/jknapltx/mathrsfs.sty
Package: mathrsfs 1996/01/01 Math RSFS package v1.0 (jk)
\symrsfs=\mathgroup6
)
(/usr/share/texlive/texmf-dist/tex/latex/marvosym/marvosym.sty
Package: marvosym 2011/07/20 v2.2 Martin Vogel's Symbols font definitions
)
(/usr/share/texlive/texmf-dist/tex/latex/wasysym/wasysym.sty
Package: wasysym 2003/10/30 v2.0 Wasy-2 symbol support package
\symwasy=\mathgroup7
LaTeX Font Info:    Overwriting symbol font `wasy' in version `bold'
(Font)                  U/wasy/m/n --> U/wasy/b/n on input line 90.
)
(/usr/share/texlive/texmf-dist/tex/latex/epigraph/epigraph.sty
Package: epigraph 2009/09/02 v1.5c typesetting epigraphs
\beforeepigraphskip=\skip52
\afterepigraphskip=\skip53
\epigraphwidth=\skip54
\epigraphrule=\skip55
)
(/usr/share/texlive/texmf-dist/tex/latex/tools/afterpage.sty
Package: afterpage 1995/10/27 v1.08 After-Page Package (DPC)
\AP@output=\toks38
\AP@partial=\box39
\AP@footins=\box40
)
(/usr/share/texlive/texmf-dist/tex/latex/hyperref/hyperref.sty
Package: hyperref 2012/11/06 v6.83m Hypertext links for LaTeX

(/usr/share/texlive/texmf-dist/tex/generic/oberdiek/hobsub-hyperref.sty
Package: hobsub-hyperref 2012/05/28 v1.13 Bundle oberdiek, subset hyperref (HO)


(/usr/share/texlive/texmf-dist/tex/generic/oberdiek/hobsub-generic.sty
Package: hobsub-generic 2012/05/28 v1.13 Bundle oberdiek, subset generic (HO)
Package: hobsub 2012/05/28 v1.13 Construct package bundles (HO)
Package hobsub Info: Skipping package `infwarerr' (already loaded).
Package hobsub Info: Skipping package `ltxcmds' (already loaded).
Package: ifluatex 2010/03/01 v1.3 Provides the ifluatex switch (HO)
Package ifluatex Info: LuaTeX not detected.
Package: ifvtex 2010/03/01 v1.5 Detect VTeX and its facilities (HO)
Package ifvtex Info: VTeX not detected.
Package: intcalc 2007/09/27 v1.1 Expandable calculations with integers (HO)
Package: ifpdf 2011/01/30 v2.3 Provides the ifpdf switch (HO)
Package ifpdf Info: pdfTeX in PDF mode is detected.
Package: etexcmds 2011/02/16 v1.5 Avoid name clashes with e-TeX commands (HO)
Package etexcmds Info: Could not find \expanded.
(etexcmds)             That can mean that you are not using pdfTeX 1.50 or
(etexcmds)             that some package has redefined \expanded.
(etexcmds)             In the latter case, load this package earlier.
Package: kvsetkeys 2012/04/25 v1.16 Key value parser (HO)
Package: kvdefinekeys 2011/04/07 v1.3 Define keys (HO)
Package: pdftexcmds 2011/11/29 v0.20 Utility functions of pdfTeX for LuaTeX (HO
)
Package pdftexcmds Info: LuaTeX not detected.
Package pdftexcmds Info: \pdf@primitive is available.
Package pdftexcmds Info: \pdf@ifprimitive is available.
Package pdftexcmds Info: \pdfdraftmode found.
Package: pdfescape 2011/11/25 v1.13 Implements pdfTeX's escape features (HO)
Package: bigintcalc 2012/04/08 v1.3 Expandable calculations on big integers (HO
)
Package: bitset 2011/01/30 v1.1 Handle bit-vector datatype (HO)
Package: uniquecounter 2011/01/30 v1.2 Provide unlimited unique counter (HO)
)
Package hobsub Info: Skipping package `hobsub' (already loaded).
Package: letltxmacro 2010/09/02 v1.4 Let assignment for LaTeX macros (HO)
Package: hopatch 2012/05/28 v1.2 Wrapper for package hooks (HO)
Package: xcolor-patch 2011/01/30 xcolor patch
Package: atveryend 2011/06/30 v1.8 Hooks at the very end of document (HO)
Package atveryend Info: \AP@enddocument detected (standard20110627).
Package: atbegshi 2011/10/05 v1.16 At begin shipout hook (HO)
Package: refcount 2011/10/16 v3.4 Data extraction from label references (HO)
Package: hycolor 2011/01/30 v1.7 Color options for hyperref/bookmark (HO)
)
(/usr/share/texlive/texmf-dist/tex/generic/ifxetex/ifxetex.sty
Package: ifxetex 2010/09/12 v0.6 Provides ifxetex conditional
)
(/usr/share/texlive/texmf-dist/tex/latex/oberdiek/auxhook.sty
Package: auxhook 2011/03/04 v1.3 Hooks for auxiliary files (HO)
)
(/usr/share/texlive/texmf-dist/tex/latex/oberdiek/kvoptions.sty
Package: kvoptions 2011/06/30 v3.11 Key value format for package options (HO)
)
\@linkdim=\dimen160
\Hy@linkcounter=\count120
\Hy@pagecounter=\count121

(/usr/share/texlive/texmf-dist/tex/latex/hyperref/pd1enc.def
File: pd1enc.def 2012/11/06 v6.83m Hyperref: PDFDocEncoding definition (HO)
)
\Hy@SavedSpaceFactor=\count122

(/usr/share/texlive/texmf-dist/tex/latex/latexconfig/hyperref.cfg
File: hyperref.cfg 2002/06/06 v1.2 hyperref configuration of TeXLive
)
Package hyperref Info: Option `colorlinks' set `true' on input line 4319.
Package hyperref Info: Hyper figures OFF on input line 4443.
Package hyperref Info: Link nesting OFF on input line 4448.
Package hyperref Info: Hyper index ON on input line 4451.
Package hyperref Info: Plain pages OFF on input line 4458.
Package hyperref Info: Backreferencing OFF on input line 4463.
Package hyperref Info: Implicit mode ON; LaTeX internals redefined.
Package hyperref Info: Bookmarks ON on input line 4688.
\c@Hy@tempcnt=\count123

(/usr/share/texlive/texmf-dist/tex/latex/url/url.sty
\Urlmuskip=\muskip11
Package: url 2013/09/16  ver 3.4  Verb mode for urls, etc.
)
LaTeX Info: Redefining \url on input line 5041.
\XeTeXLinkMargin=\dimen161
\Fld@menulength=\count124
\Field@Width=\dimen162
\Fld@charsize=\dimen163
Package hyperref Info: Hyper figures OFF on input line 6295.
Package hyperref Info: Link nesting OFF on input line 6300.
Package hyperref Info: Hyper index ON on input line 6303.
Package hyperref Info: backreferencing OFF on input line 6310.
Package hyperref Info: Link coloring ON on input line 6313.
Package hyperref Info: Link coloring with OCG OFF on input line 6320.
Package hyperref Info: PDF/A mode OFF on input line 6325.
LaTeX Info: Redefining \ref on input line 6365.
LaTeX Info: Redefining \pageref on input line 6369.
\Hy@abspage=\count125
\c@Item=\count126
\c@Hfootnote=\count127
)

Package hyperref Message: Driver (autodetected): hpdftex.

(/usr/share/texlive/texmf-dist/tex/latex/hyperref/hpdftex.def
File: hpdftex.def 2012/11/06 v6.83m Hyperref driver for pdfTeX
\Fld@listcount=\count128
\c@bookmark@seq@number=\count129

(/usr/share/texlive/texmf-dist/tex/latex/oberdiek/rerunfilecheck.sty
Package: rerunfilecheck 2011/04/15 v1.7 Rerun checks for auxiliary files (HO)
Package uniquecounter Info: New unique counter `rerunfilecheck' on input line 2
82.
)
\Hy@SectionHShift=\skip56
)
(/usr/share/texmf/tex/generic/pgf/frontendlayer/tikz/libraries/tikzlibrarybackg
rounds.code.tex
File: tikzlibrarybackgrounds.code.tex 2010/02/08 v2.10 (rcs-revision 1.2)
\pgf@layerbox@background=\box41
\pgf@layerboxsaved@background=\box42
)
\c@thm=\count130
 (./TESI.aux (./INTRO.aux) (./TRIA.aux) (./SLICE.aux)
(./APPLI.aux))
\openout1 = `TESI.aux'.

LaTeX Font Info:    Checking defaults for OML/cmm/m/it on input line 30.
LaTeX Font Info:    ... okay on input line 30.
LaTeX Font Info:    Checking defaults for T1/cmr/m/n on input line 30.
LaTeX Font Info:    ... okay on input line 30.
LaTeX Font Info:    Checking defaults for OT1/cmr/m/n on input line 30.
LaTeX Font Info:    ... okay on input line 30.
LaTeX Font Info:    Checking defaults for OMS/cmsy/m/n on input line 30.
LaTeX Font Info:    ... okay on input line 30.
LaTeX Font Info:    Checking defaults for OMX/cmex/m/n on input line 30.
LaTeX Font Info:    ... okay on input line 30.
LaTeX Font Info:    Checking defaults for U/cmr/m/n on input line 30.
LaTeX Font Info:    ... okay on input line 30.
LaTeX Font Info:    Checking defaults for PD1/pdf/m/n on input line 30.
LaTeX Font Info:    ... okay on input line 30.
LaTeX Font Info:    Try loading font information for U+msa on input line 30.
 (/usr/share/texlive/texmf-dist/tex/latex/amsfonts/umsa.fd
File: umsa.fd 2013/01/14 v3.01 AMS symbols A
)
LaTeX Font Info:    Try loading font information for U+msb on input line 30.

(/usr/share/texlive/texmf-dist/tex/latex/amsfonts/umsb.fd
File: umsb.fd 2013/01/14 v3.01 AMS symbols B
)
LaTeX Font Info:    Try loading font information for U+rsfs on input line 30.

(/usr/share/texlive/texmf-dist/tex/latex/jknapltx/ursfs.fd
File: ursfs.fd 1998/03/24 rsfs font definition file (jk)
)
LaTeX Font Info:    Try loading font information for U+wasy on input line 30.

(/usr/share/texlive/texmf-dist/tex/latex/wasysym/uwasy.fd
File: uwasy.fd 2003/10/30 v2.0 Wasy-2 symbol font definitions
)
(/usr/share/texlive/texmf-dist/tex/context/base/supp-pdf.mkii
[Loading MPS to PDF converter (version 2006.09.02).]
\scratchcounter=\count131
\scratchdimen=\dimen164
\scratchbox=\box43
\nofMPsegments=\count132
\nofMParguments=\count133
\everyMPshowfont=\toks39
\MPscratchCnt=\count134
\MPscratchDim=\dimen165
\MPnumerator=\count135
\makeMPintoPDFobject=\count136
\everyMPtoPDFconversion=\toks40
) ABD: EveryShipout initializing macros
\AtBeginShipoutBox=\box44
Package hyperref Info: Link coloring ON on input line 30.

(/usr/share/texlive/texmf-dist/tex/latex/hyperref/nameref.sty
Package: nameref 2012/10/27 v2.43 Cross-referencing by name of section

(/usr/share/texlive/texmf-dist/tex/generic/oberdiek/gettitlestring.sty
Package: gettitlestring 2010/12/03 v1.4 Cleanup title references (HO)
)
\c@section@level=\count137
)
LaTeX Info: Redefining \ref on input line 30.
LaTeX Info: Redefining \pageref on input line 30.
LaTeX Info: Redefining \nameref on input line 30.

(./TESI.out) (./TESI.out)
\@outlinefile=\write4
\openout4 = `TESI.out'.

 <LOGO.jpg, id=58, 513.92pt x 513.92pt>
File: LOGO.jpg Graphic file (type jpg)

<use LOGO.jpg>
Package pdftex.def Info: LOGO.jpg used on input line 34.
(pdftex.def)             Requested size: 113.81102pt x 113.80771pt.
 <firmaprof.jpg, id=59, 250.9375pt x 58.2175pt>
File: firmaprof.jpg Graphic file (type jpg)

<use firmaprof.jpg>
Package pdftex.def Info: firmaprof.jpg used on input line 57.
(pdftex.def)             Requested size: 142.26378pt x 33.00664pt.
 <firmamia.jpg, id=60, 455.7025pt x 113.42375pt>
File: firmamia.jpg Graphic file (type jpg)

<use firmamia.jpg>
Package pdftex.def Info: firmamia.jpg used on input line 69.
(pdftex.def)             Requested size: 142.26378pt x 35.41022pt.
 [0

{/var/lib/texmf/fonts/map/pdftex/updmap/pdftex.map} <./LOGO.jpg> <./firmaprof.j
pg> <./firmamia.jpg>]
<Libra.png, id=69, 1229.59375pt x 1027.84pt>
File: Libra.png Graphic file (type png)
 <use Libra.png>
Package pdftex.def Info: Libra.png used on input line 85.
(pdftex.def)             Requested size: 853.58267pt x 713.53903pt.
 (./TESI.toc)
\tf@toc=\write5
\openout5 = `TESI.toc'.


[1 <./Libra.png>] [2]
\openout2 = `INTRO.aux'.

 (./INTRO.tex
Underfull \hbox (badness 10000) in paragraph at lines 4--5

 []


Underfull \hbox (badness 10000) in paragraph at lines 6--7

 []

[3

]
Underfull \hbox (badness 10000) in paragraph at lines 9--11

 []

[4]
Underfull \hbox (badness 10000) in paragraph at lines 12--13

 []


Underfull \hbox (badness 10000) in paragraph at lines 14--15

 []


Underfull \hbox (badness 10000) in paragraph at lines 16--17

 []


Underfull \hbox (badness 10000) in paragraph at lines 16--17

 []


Underfull \vbox (badness 10000) has occurred while \output is active []

 [5])
[6]pdfTeX warning (ext4): destination with the same identifier (name{page.6}) h
as been already used, duplicate ignored
<to be read again> 
                   \relax 
l.100 \include{TRIA}
                     [6


]
\openout2 = `TRIA.aux'.

 (./TRIA.tex
Underfull \hbox (badness 10000) in paragraph at lines 4--5

 []


Underfull \hbox (badness 10000) in paragraph at lines 7--8

 []


Underfull \vbox (badness 1117) has occurred while \output is active []

 [7]
Underfull \hbox (badness 10000) in paragraph at lines 25--26

 []

[8]
Underfull \vbox (badness 5681) has occurred while \output is active []

 [9]
Underfull \hbox (badness 10000) in paragraph at lines 70--72

 []

[10]
Underfull \hbox (badness 10000) in paragraph at lines 88--89

 []

[11]
Overfull \hbox (3.05855pt too wide) in paragraph at lines 137--138
 [] 
 []


Underfull \hbox (badness 10000) in paragraph at lines 142--143

 []


Overfull \hbox (9.17992pt too wide) in paragraph at lines 163--164
 [] 
 []

[12]
Underfull \hbox (badness 10000) in paragraph at lines 168--169

 []


Overfull \hbox (16.55267pt too wide) in paragraph at lines 178--179
\OT1/cmr/m/it/12 if and only if $\OML/cmm/m/it/12 gbf \OT1/cmr/m/n/12 = 0$\OT1/
cmr/m/it/12 . More-over, if that's the case and $[][]\OT1/cmr/m/n/12 (\OML/cmm/
m/it/12 X; Z[]\OT1/cmr/m/n/12 [\OMS/cmsy/m/n/12 ^^@\OT1/cmr/m/n/12 1]) =
 []


Overfull \hbox (11.54346pt too wide) detected at line 182
[][]\OT1/cmr/m/n/12 (\OML/cmm/m/it/12 X; Z\OT1/cmr/m/n/12 [\OMS/cmsy/m/n/12 ^^@
\OT1/cmr/m/n/12 1]) [][]\OMS/cmsy/m/n/12 ! [][]\OT1/cmr/m/n/12 (\OML/cmm/m/it/1
2 X; X[]\OT1/cmr/m/n/12 ) [][]\OMS/cmsy/m/n/12 ! [][]\OT1/cmr/m/n/12 (\OML/cmm/
m/it/12 X; Y[]\OT1/cmr/m/n/12 ) [][]\OMS/cmsy/m/n/12 ! [][]\OT1/cmr/m/n/12 (\OM
L/cmm/m/it/12 X; Z[]\OT1/cmr/m/n/12 )
 []

[13] [14] [15] [16]
Overfull \hbox (1.70735pt too wide) in paragraph at lines 271--274
\OT1/cmr/m/it/12 If $\OML/cmm/m/it/12 S \OMS/cmsy/m/n/12 ^^R \U/rsfs/m/n/12 D$ 
\OT1/cmr/m/it/12 is a sub-set, we de-note $\OMS/cmsy/m/n/12 h\OML/cmm/m/it/12 S
\OMS/cmsy/m/n/12 i$ \OT1/cmr/m/it/12 (resp. $\OMS/cmsy/m/n/12 hh\OML/cmm/m/it/1
2 S\OMS/cmsy/m/n/12 ii$\OT1/cmr/m/it/12 ) the small-est extension-
 []


Underfull \hbox (badness 10000) in paragraph at lines 276--277

 []

[17] [18]
Underfull \hbox (badness 10000) in paragraph at lines 376--378

 []

LaTeX Font Info:    Try loading font information for U+euf on input line 380.
(/usr/share/texlive/texmf-dist/tex/latex/amsfonts/ueuf.fd
File: ueuf.fd 2013/01/14 v3.01 Euler Fraktur
)
Underfull \hbox (badness 10000) in paragraph at lines 388--389

 []


Overfull \hbox (18.6755pt too wide) in paragraph at lines 395--396
\OML/cmm/m/it/12 T\OT1/cmr/m/n/12 [1] \OMS/cmsy/m/n/12 2 \U/euf/m/n/12 t$ \OT1/
cmr/m/n/12 by \OT1/cmr/m/it/12 (1) \OT1/cmr/m/n/12 and $\OML/cmm/m/it/12 F[] \O
MS/cmsy/m/n/12 2 \U/euf/m/n/12 t[]$\OT1/cmr/m/n/12 , we have $[][](\OML/cmm/m/i
t/12 T\OT1/cmr/m/n/12 [1]\OML/cmm/m/it/12 ; F[]\OT1/cmr/m/n/12 ) = [][](\OML/cm
m/m/it/12 T; F[]\OT1/cmr/m/n/12 [\OMS/cmsy/m/n/12 ^^@\OT1/cmr/m/n/12 1]) =
 []

[19] [20]
Underfull \hbox (badness 10000) in paragraph at lines 452--453

 []

[21]
Underfull \hbox (badness 10000) in paragraph at lines 456--459

 []


Underfull \hbox (badness 10000) in paragraph at lines 471--472

 []

[22]
Underfull \hbox (badness 10000) in paragraph at lines 488--489

 []

[23]
Overfull \hbox (3.02213pt too wide) in paragraph at lines 511--512
\OT1/cmr/m/n/12 and we have $\OML/cmm/m/it/12 ^^\[]\OT1/cmr/m/n/12 (\OML/cmm/m/
it/12 Y\OT1/cmr/m/n/12 ) = \OML/cmm/m/it/12 ^^\[]\OT1/cmr/m/n/12 (\OML/cmm/m/it
/12 T\OT1/cmr/m/n/12 )$ by [][]\OT1/cmr/bx/n/12 Propo-si-tion 2.26[][][]\OT1/cm
r/m/n/12 , and hence $\OML/cmm/m/it/12 H[]\OT1/cmr/m/n/12 (\OML/cmm/m/it/12 Y\O
T1/cmr/m/n/12 ) =
 []


Overfull \hbox (4.61151pt too wide) in paragraph at lines 512--514
\OT1/cmr/m/n/12 Again by [][]\OT1/cmr/bx/n/12 Propo-si-tion 2.26[][][] $\OML/cm
m/m/it/12 ^^\[]\OT1/cmr/m/n/12 (\OML/cmm/m/it/12 X\OT1/cmr/m/n/12 [1]) = \OML/c
mm/m/it/12 ^^\[]\OT1/cmr/m/n/12 (\OML/cmm/m/it/12 T[]\OT1/cmr/m/n/12 )$ and hen
ce $\OML/cmm/m/it/12 H[]\OT1/cmr/m/n/12 (\OML/cmm/m/it/12 X\OT1/cmr/m/n/12 [1])
 =
 []


Overfull \hbox (6.47873pt too wide) in paragraph at lines 512--514
\OML/cmm/m/it/12 H[]\OT1/cmr/m/n/12 (\OML/cmm/m/it/12 T[]\OT1/cmr/m/n/12 )$. Ap
-ply-ing then $\OML/cmm/m/it/12 H[]$ \OT1/cmr/m/n/12 to the tri-an-gle $\OML/cm
m/m/it/12 T[]\OT1/cmr/m/n/12 [\OMS/cmsy/m/n/12 ^^@\OT1/cmr/m/n/12 1] [][]\OMS/c
msy/m/n/12 ! \OML/cmm/m/it/12 Y [][]\OMS/cmsy/m/n/12 ! \OML/cmm/m/it/12 ^^\[]\O
T1/cmr/m/n/12 (\OML/cmm/m/it/12 Z\OT1/cmr/m/n/12 ) [][]\OMS/cmsy/m/n/12 !$\OT1/
cmr/m/n/12 ,
 []

[24] [25]
Overfull \hbox (4.3666pt too wide) in paragraph at lines 593--594
\OT1/cmr/m/n/12 Grothendieck group of an abelian cat-e-gory $\U/rsfs/m/n/12 A$ 
\OT1/cmr/m/n/12 was in-tro-duced by Alexan-
 []


Underfull \hbox (badness 10000) in paragraph at lines 600--630

 []

[26]
Underfull \hbox (badness 10000) in paragraph at lines 636--637

 []

) [27]pdfTeX warning (ext4): destination with the same identifier (name{page.27
}) has been already used, duplicate ignored
<to be read again> 
                   \relax 
l.102 \include{SLICE}
                      [27


]
\openout2 = `SLICE.aux'.

 (./SLICE.tex
Underfull \hbox (badness 10000) in paragraph at lines 5--6

 []


Underfull \hbox (badness 10000) in paragraph at lines 11--12

 []


Underfull \hbox (badness 10000) in paragraph at lines 17--96

 []

[28]
LaTeX Font Info:    Try loading font information for U+mvs on input line 128.
 (/usr/share/texlive/texmf-dist/tex/latex/marvosym/umvs.fd)
Underfull \hbox (badness 10000) in paragraph at lines 131--134

 []

[29]
Underfull \hbox (badness 10000) in paragraph at lines 175--177

 []

[30]
Underfull \hbox (badness 10000) in paragraph at lines 208--210

 []

[31] [32]
Underfull \hbox (badness 10000) in paragraph at lines 295--297

 []

[33] [34] [35]
Overfull \hbox (4.67722pt too wide) in paragraph at lines 403--404
[][]\OT1/cmr/bx/n/12 Proposition 3.23. []\OT1/cmr/m/it/12 The ac-tions by $[]\O
T1/cmr/m/n/12 (\U/rsfs/m/n/12 D\OT1/cmr/m/n/12 )$ \OT1/cmr/m/it/12 and by $[][]
\OT1/cmr/m/n/12 (\OML/cmm/m/it/12 J\OT1/cmr/m/n/12 )$ \OT1/cmr/m/it/12 on $[][]
\OT1/cmr/m/n/12 (\U/rsfs/m/n/12 D\OT1/cmr/m/n/12 )$
 []

[36]

Package hyperref Warning: Token not allowed in a PDF string (PDFDocEncoding):
(hyperref)                removing `math shift' on input line 413.


Package hyperref Warning: Token not allowed in a PDF string (PDFDocEncoding):
(hyperref)                removing `math shift' on input line 413.


Package hyperref Warning: Token not allowed in a PDF string (PDFDocEncoding):
(hyperref)                removing `math shift' on input line 413.


Package hyperref Warning: Token not allowed in a PDF string (PDFDocEncoding):
(hyperref)                removing `math shift' on input line 413.


Underfull \hbox (badness 10000) in paragraph at lines 413--414

 []

[37]
Underfull \hbox (badness 10000) in paragraph at lines 461--462

 []


Underfull \hbox (badness 10000) in paragraph at lines 471--472

 []

[38] [39] [40]
Underfull \hbox (badness 10000) in paragraph at lines 522--523

 []

[41]
Underfull \hbox (badness 10000) in paragraph at lines 570--571

 []


Underfull \hbox (badness 10000) in paragraph at lines 572--574

 []

[42]
Underfull \hbox (badness 10000) in paragraph at lines 576--578

 []

[43] [44] [45]

Package hyperref Warning: Token not allowed in a PDF string (PDFDocEncoding):
(hyperref)                removing `math shift' on input line 616.


Package hyperref Warning: Token not allowed in a PDF string (PDFDocEncoding):
(hyperref)                removing `math shift' on input line 616.


Underfull \hbox (badness 10000) in paragraph at lines 634--635

 []

[46]
Underfull \hbox (badness 10000) in paragraph at lines 653--675

 []


Underfull \hbox (badness 10000) in paragraph at lines 676--677

 []

[47] [48]
Underfull \hbox (badness 10000) in paragraph at lines 792--793

 []

[49]
Underfull \hbox (badness 10000) in paragraph at lines 821--822

 []

[50] [51]
Underfull \hbox (badness 10000) in paragraph at lines 912--914

 []


Underfull \hbox (badness 10000) in paragraph at lines 915--917

 []


Underfull \hbox (badness 10000) in paragraph at lines 918--920

 []

[52] [53] [54] [55])pdfTeX warning (ext4): destination with the same identifier
 (name{page.55}) has been already used, duplicate ignored
<to be read again> 
                   \relax 
l.104 \include{APPLI}
                      [55


]
\openout2 = `APPLI.aux'.

 (./APPLI.tex
<Sezione.jpeg, id=616, 323.2075pt x 433.62pt>
File: Sezione.jpeg Graphic file (type jpg)
 <use Sezione.jpeg>
Package pdftex.def Info: Sezione.jpeg used on input line 12.
(pdftex.def)             Requested size: 170.71652pt x 229.03676pt.
 [56 <./Sezione.jpeg>]
Underfull \hbox (badness 10000) in paragraph at lines 23--24

 []


Underfull \hbox (badness 10000) in paragraph at lines 38--39

 []


Overfull \hbox (11.83377pt too wide) in paragraph at lines 49--49
[]\OT1/cmr/m/n/12 Clearly, if $\OML/cmm/m/it/12 S$ \OT1/cmr/m/n/12 if a Serre f
unc-tor on $\U/rsfs/m/n/12 D$\OT1/cmr/m/n/12 , $\OML/cmm/m/it/12 S\OT1/cmr/m/n/
12 (\OML/cmm/m/it/12 X\OT1/cmr/m/n/12 )$ rep-re-sents $[][](\OML/cmm/m/it/12 X;
 \OMS/cmsy/m/n/12 ^^C\OT1/cmr/m/n/12 )[]$.
 []

[57]
Overfull \hbox (14.62036pt too wide) in paragraph at lines 71--73
\OT1/cmr/m/n/12 and $[][](\OMS/cmsy/m/n/12 ^^C\OML/cmm/m/it/12 ; S\OT1/cmr/m/n/
12 (\OML/cmm/m/it/12 E\OT1/cmr/m/n/12 ))[]$ is co-ho-mo-log-i-cal, we have that
 the tri-an-gle $\OML/cmm/m/it/12 S\OT1/cmr/m/n/12 (\OML/cmm/m/it/12 X\OT1/cmr/
m/n/12 ) [][]\OMS/cmsy/m/n/12 !
 []


Overfull \hbox (7.73416pt too wide) in paragraph at lines 80--81
 [] 
 []


Underfull \vbox (badness 2653) has occurred while \output is active []

 [58]
[59] [60]
Overfull \hbox (4.93466pt too wide) in paragraph at lines 162--163
[]\OT1/cmr/m/n/12 In par-tic-u-lar, us-ing [][]\OT1/cmr/bx/n/12 Propo-si-tion 3
.5[][][] \OT1/cmr/m/n/12 we get all the bounded t-structures
 []

[61]
Underfull \hbox (badness 10000) in paragraph at lines 178--180

 []

[62]
Underfull \hbox (badness 10000) in paragraph at lines 191--192

 []


Underfull \hbox (badness 10000) in paragraph at lines 216--217

 []

[63]
Underfull \hbox (badness 10000) in paragraph at lines 223--224

 []


Overfull \hbox (9.94708pt too wide) in paragraph at lines 227--227
\OT1/cmr/m/n/12 Since we ob-tained $\OMS/cmsy/m/n/12 h\U/euf/m/n/12 e\OMS/cmsy/
m/n/12 i$ \OT1/cmr/m/n/12 from a $\U/msb/m/n/12 Z n \OT1/cmr/m/n/12 [\OML/cmm/m
/it/12 n\OT1/cmr/m/n/12 ]$-slicing, we have that $\OMS/cmsy/m/n/12 fh\OML/cmm/m
/it/12 E[]\OMS/cmsy/m/n/12 i\OML/cmm/m/it/12 ; []  ; \OMS/cmsy/m/n/12 h\OML/cmm
/m/it/12 E[]\OMS/cmsy/m/n/12 ig$
 []

[64]) [65]pdfTeX warning (ext4): destination with the same identifier (name{pag
e.65}) has been already used, duplicate ignored
<to be read again> 
                   \relax 
l.106 \clearpage
                 [65


] (./TESI.bbl
Underfull \vbox (badness 10000) has occurred while \output is active []

 [66])
Package atveryend Info: Empty hook `BeforeClearDocument' on input line 109.

[67]
Package atveryend Info: Empty hook `AfterLastShipout' on input line 109.
 (./TESI.aux (./INTRO.aux) (./TRIA.aux) (./SLICE.aux) (./APPLI.aux))
Package atveryend Info: Executing hook `AtVeryEndDocument' on input line 109.
Package atveryend Info: Executing hook `AtEndAfterFileList' on input line 109.
Package rerunfilecheck Info: File `TESI.out' has not changed.
(rerunfilecheck)             Checksum: C8B0467A5DFA512EF9B17AB46B0AA34A;924.
Package atveryend Info: Empty hook `AtVeryVeryEnd' on input line 109.
 ) 
Here is how much of TeX's memory you used:
 18574 strings out of 494996
 337482 string characters out of 6180118
 409933 words of memory out of 5000000
 21031 multiletter control sequences out of 15000+600000
 20522 words of font info for 81 fonts, out of 8000000 for 9000
 175 hyphenation exceptions out of 8191
 62i,19n,78p,1853b,1040s stack positions out of 5000i,500n,10000p,200000b,80000s
</usr/share/texlive/texmf-dist/fonts/type1/public/amsfonts/cm/cmbx12.pfb></us
r/share/texlive/texmf-dist/fonts/type1/public/amsfonts/cm/cmbxti10.pfb></usr/sh
are/texlive/texmf-dist/fonts/type1/public/amsfonts/cm/cmcsc10.pfb></usr/share/t
exlive/texmf-dist/fonts/type1/public/amsfonts/cm/cmex10.pfb></usr/share/texlive
/texmf-dist/fonts/type1/public/amsfonts/cm/cmmi10.pfb></usr/share/texlive/texmf
-dist/fonts/type1/public/amsfonts/cm/cmmi12.pfb></usr/share/texlive/texmf-dist/
fonts/type1/public/amsfonts/cm/cmmi6.pfb></usr/share/texlive/texmf-dist/fonts/t
ype1/public/amsfonts/cm/cmmi7.pfb></usr/share/texlive/texmf-dist/fonts/type1/pu
blic/amsfonts/cm/cmmi8.pfb></usr/share/texlive/texmf-dist/fonts/type1/public/am
sfonts/cm/cmr10.pfb></usr/share/texlive/texmf-dist/fonts/type1/public/amsfonts/
cm/cmr12.pfb></usr/share/texlive/texmf-dist/fonts/type1/public/amsfonts/cm/cmr6
.pfb></usr/share/texlive/texmf-dist/fonts/type1/public/amsfonts/cm/cmr8.pfb></u
sr/share/texlive/texmf-dist/fonts/type1/public/amsfonts/cm/cmr9.pfb></usr/share
/texlive/texmf-dist/fonts/type1/public/amsfonts/cm/cmsy10.pfb></usr/share/texli
ve/texmf-dist/fonts/type1/public/amsfonts/cm/cmsy6.pfb></usr/share/texlive/texm
f-dist/fonts/type1/public/amsfonts/cm/cmsy7.pfb></usr/share/texlive/texmf-dist/
fonts/type1/public/amsfonts/cm/cmsy8.pfb></usr/share/texlive/texmf-dist/fonts/t
ype1/public/amsfonts/cm/cmti10.pfb></usr/share/texlive/texmf-dist/fonts/type1/p
ublic/amsfonts/cm/cmti12.pfb></usr/share/texlive/texmf-dist/fonts/type1/public/
amsfonts/cm/cmtt12.pfb></usr/share/texlive/texmf-dist/fonts/type1/public/amsfon
ts/euler/eufm10.pfb></usr/share/texlive/texmf-dist/fonts/type1/public/amsfonts/
euler/eufm7.pfb></usr/share/texlive/texmf-dist/fonts/type1/public/marvosym/marv
osym.pfb></usr/share/texlive/texmf-dist/fonts/type1/public/amsfonts/symbols/msa
m10.pfb></usr/share/texlive/texmf-dist/fonts/type1/public/amsfonts/symbols/msbm
10.pfb></usr/share/texlive/texmf-dist/fonts/type1/public/amsfonts/symbols/msbm7
.pfb></usr/share/texlive/texmf-dist/fonts/type1/public/rsfs/rsfs10.pfb></usr/sh
are/texlive/texmf-dist/fonts/type1/public/rsfs/rsfs7.pfb></usr/share/texlive/te
xmf-dist/fonts/type1/public/wasy/wasy10.pfb>
Output written on TESI.pdf (72 pages, 810216 bytes).
PDF statistics:
 890 PDF objects out of 1000 (max. 8388607)
 256 named destinations out of 1000 (max. 500000)
 142 words of extra memory for PDF output out of 10000 (max. 10000000)

